<?xml version="1.0" encoding="UTF-8"?>
<testsuite name="SetupGuiTest" tests="0" skipped="0" failures="0" errors="0" timestamp="1970-01-01T00:00:00" hostname="DESKTOP-VL941T0" time="0.0">
  <properties/>
  <system-out><![CDATA[ALL POKEMON LOADED :: NOW LOADING POKEMON MOVES
ALL POKEMON LOADED :: NOW LOADING POKEMON MOVES


]]></system-out>
  <system-err><![CDATA[]]></system-err>
</testsuite>
