<?xml version="1.0" encoding="UTF-8"?>
<testsuite name="RunThisTest" tests="1" skipped="0" failures="0" errors="0" timestamp="2018-04-25T16:57:39" hostname="DESKTOP-VL941T0" time="0.003">
  <properties/>
  <testcase name="testBuild" classname="RunThisTest" time="0.003"/>
  <system-out><![CDATA[]]></system-out>
  <system-err><![CDATA[]]></system-err>
</testsuite>
