<?xml version="1.0" encoding="UTF-8"?>
<testsuite name="InstructionsGuiTest" tests="2" skipped="0" failures="0" errors="0" timestamp="2018-04-25T16:57:38" hostname="DESKTOP-VL941T0" time="0.09">
  <properties/>
  <testcase name="testEnterFunctionality" classname="InstructionsGuiTest" time="0.09"/>
  <testcase name="testExitClause" classname="InstructionsGuiTest" time="0.0"/>
  <system-out><![CDATA[ALL POKEMON LOADED :: NOW LOADING POKEMON MOVES
]]></system-out>
  <system-err><![CDATA[]]></system-err>
</testsuite>
