<?xml version="1.0" encoding="UTF-8"?>
<testsuite name="PokemonShowdownMainGuiTest" tests="1" skipped="0" failures="0" errors="0" timestamp="2018-03-18T21:34:46" hostname="DESKTOP-VL941T0" time="0.013">
  <properties/>
  <testcase name="stabResult_test" classname="PokemonShowdownMainGuiTest" time="0.013"/>
  <system-out><![CDATA[]]></system-out>
  <system-err><![CDATA[]]></system-err>
</testsuite>
